{"name": "Проверка: если одно из обязательных полей отсутствует, вернётся ошибка 400", "status": "failed", "statusDetails": {"message": "AssertionError: assert (201 == 400)\n +  where 201 = <Response [201]>.status_code", "trace": "self = <tests.tests_courier.test_create_courier.TestCreateCourier object at 0x1048613a0>, new_courier_payload = {'login': 'vwwlv', 'password': 'zohmh'}\ndeleted_field = 'firstName'\n\n    @allure.title('Проверка: если одно из обязательных полей отсутствует, вернётся ошибка 400')\n    @allure.description('(!)Тест падает с параметром firstName, т.к. фактически это поле необязательное '\n                        'и его отсутствие не вызывает ошибку (баг?) '\n                        'В теле запроса тест поочерёдно удаляет одно из полей через параметризацию.')\n    @pytest.mark.parametrize(\n        \"deleted_field\", [\n            'login',\n            'password',\n            'firstName'\n        ])\n    def test_create_courier_without_required_field_causes_400_error(\n            self, new_courier_payload, deleted_field):\n        payload = new_courier_payload\n        payload.pop(deleted_field)\n        response = requests.post('https://qa-scooter.praktikum-services.ru/api/v1/courier',\n                                 data=payload, timeout=10)\n>       assert (response.status_code == 400\n                and \"Недостаточно данных для создания учетной записи\" in str(response.json()))\nE       assert (201 == 400)\nE        +  where 201 = <Response [201]>.status_code\n\ntests/tests_courier/test_create_courier.py:32: AssertionError"}, "description": "(!)Тест падает с параметром firstName, т.к. фактически это поле необязательное и его отсутствие не вызывает ошибку (баг?) В теле запроса тест поочерёдно удаляет одно из полей через параметризацию.", "parameters": [{"name": "deleted_field", "value": "'firstName'"}], "start": 1710504297746, "stop": 1710504298260, "uuid": "f8580b7d-8cac-4d02-aee0-e55dc988549d", "historyId": "54d921a1493125b2242453936e5944fa", "testCaseId": "f403c3f7e4ac32d7a2260e0894f94255", "fullName": "tests.tests_courier.test_create_courier.TestCreateCourier#test_create_courier_without_required_field_causes_400_error", "labels": [{"name": "parentSuite", "value": "tests.tests_courier"}, {"name": "suite", "value": "test_create_courier"}, {"name": "subSuite", "value": "TestCreateCourier"}, {"name": "host", "value": "Olyas-MacBook-Air.local"}, {"name": "thread", "value": "78521-MainThread"}, {"name": "framework", "value": "pytest"}, {"name": "language", "value": "cpython3"}, {"name": "package", "value": "tests.tests_courier.test_create_courier"}]}